<?xml version="1.0" encoding="UTF-8"?>
<!-- Generated by org.testng.reporters.JUnitXMLReporter -->
<testsuite ignored="10" hostname="vishnu-HP-15-Notebook-PC" failures="0" tests="10" name="Default test" time="201.153" errors="0" timestamp="2023-10-31T21:42:57 IST">
  <testcase classname="OrganizationTests.CreateOrganizationTest" name="createOrgTest" time="6.313"/>
  <testcase classname="ContactTests.CreateContactWithOrganizationTest" name="createContactWithOrganizationTest" time="16.718"/>
  <testcase classname="OrganizationTests.CreateMultipleOrgWithIndustry" name="createMultipleOrg" time="6.47"/>
  <testcase classname="OrganizationTests.CreateMultipleOrgWithIndustry" name="createMultipleOrg" time="6.433"/>
  <testcase classname="OrganizationTests.CreateMultipleOrgWithIndustry" name="createMultipleOrg" time="5.244"/>
  <testcase classname="OrganizationTests.CreateMultipleOrgWithIndustry" name="createMultipleOrg" time="9.667"/>
  <testcase classname="OrganizationTests.CreateMultipleOrgWithIndustry" name="createMultipleOrg" time="4.944"/>
  <testcase classname="ContactTests.CreateContactTest" name="createContactTest" time="5.894"/>
  <testcase classname="OrganizationTests.CreateOrgWithIndustryTest" name="createOrgWithIndustryTest" time="10.103"/>
  <testcase classname="OrganizationTests.CreateOrgWithIndustryAndTypeTest" name="createOrgWithIndustryAndTypeTest" time="6.89"/>
  <testcase classname="genericUtilities.BaseClass" name="@BeforeSuite bsConfig" time="0.0">
    <ignored/>
  </testcase> <!-- @BeforeSuite bsConfig -->
  <testcase classname="genericUtilities.BaseClass" name="@BeforeSuite bsConfig" time="0.0">
    <ignored/>
  </testcase> <!-- @BeforeSuite bsConfig -->
  <testcase classname="genericUtilities.BaseClass" name="@BeforeSuite bsConfig" time="0.0">
    <ignored/>
  </testcase> <!-- @BeforeSuite bsConfig -->
  <testcase classname="genericUtilities.BaseClass" name="@BeforeSuite bsConfig" time="0.0">
    <ignored/>
  </testcase> <!-- @BeforeSuite bsConfig -->
  <testcase classname="genericUtilities.BaseClass" name="@BeforeSuite bsConfig" time="0.0">
    <ignored/>
  </testcase> <!-- @BeforeSuite bsConfig -->
  <testcase classname="genericUtilities.BaseClass" name="@AfterSuite asConfig" time="0.0">
    <ignored/>
  </testcase> <!-- @AfterSuite asConfig -->
  <testcase classname="genericUtilities.BaseClass" name="@AfterSuite asConfig" time="0.0">
    <ignored/>
  </testcase> <!-- @AfterSuite asConfig -->
  <testcase classname="genericUtilities.BaseClass" name="@AfterSuite asConfig" time="0.0">
    <ignored/>
  </testcase> <!-- @AfterSuite asConfig -->
  <testcase classname="genericUtilities.BaseClass" name="@AfterSuite asConfig" time="0.0">
    <ignored/>
  </testcase> <!-- @AfterSuite asConfig -->
  <testcase classname="genericUtilities.BaseClass" name="@AfterSuite asConfig" time="0.0">
    <ignored/>
  </testcase> <!-- @AfterSuite asConfig -->
</testsuite> <!-- Default test -->
