<?xml version="1.0" encoding="UTF-8"?>
<!-- Generated by org.testng.reporters.JUnitXMLReporter -->
<testsuite ignored="6" hostname="vishnu-HP-15-Notebook-PC" failures="0" tests="8" name="Test" time="157.997" errors="0" timestamp="2023-10-31T21:37:09 IST">
  <testcase classname="ContactTests.CreateContactWithOrganizationTest" name="createContactWithOrganizationTest" time="13.144"/>
  <testcase classname="OrganizationTests.CreateMultipleOrgWithIndustry" name="createMultipleOrg" time="6.584"/>
  <testcase classname="OrganizationTests.CreateMultipleOrgWithIndustry" name="createMultipleOrg" time="11.472"/>
  <testcase classname="OrganizationTests.CreateMultipleOrgWithIndustry" name="createMultipleOrg" time="7.286"/>
  <testcase classname="OrganizationTests.CreateMultipleOrgWithIndustry" name="createMultipleOrg" time="9.438"/>
  <testcase classname="OrganizationTests.CreateMultipleOrgWithIndustry" name="createMultipleOrg" time="5.611"/>
  <testcase classname="ContactTests.CreateContactTest" name="createContactTest" time="5.766"/>
  <testcase classname="OrganizationTests.CreateOrganizationTest" name="createOrgTest" time="5.935"/>
  <testcase classname="genericUtilities.BaseClass" name="@BeforeSuite bsConfig" time="0.0">
    <ignored/>
  </testcase> <!-- @BeforeSuite bsConfig -->
  <testcase classname="genericUtilities.BaseClass" name="@BeforeSuite bsConfig" time="0.0">
    <ignored/>
  </testcase> <!-- @BeforeSuite bsConfig -->
  <testcase classname="genericUtilities.BaseClass" name="@BeforeSuite bsConfig" time="0.0">
    <ignored/>
  </testcase> <!-- @BeforeSuite bsConfig -->
  <testcase classname="genericUtilities.BaseClass" name="@AfterSuite asConfig" time="0.0">
    <ignored/>
  </testcase> <!-- @AfterSuite asConfig -->
  <testcase classname="genericUtilities.BaseClass" name="@AfterSuite asConfig" time="0.0">
    <ignored/>
  </testcase> <!-- @AfterSuite asConfig -->
  <testcase classname="genericUtilities.BaseClass" name="@AfterSuite asConfig" time="0.0">
    <ignored/>
  </testcase> <!-- @AfterSuite asConfig -->
</testsuite> <!-- Test -->
